Strikes(7): just login
Strikes just sent a twtt
Strikes just sent a twtt
Strikes just sent a twtt
Strikes just sent a twtt
Strikes just sent a twtt
Strikes just sent a twtt
7 starthe twtt59
7 starthe twtt60
7 unstarthe twtt60
7 unstarthe twtt59
Strikes(7): just login
7 starthe twtt60
7 unstarthe twtt60
Strikes(7): just login
Strikes(7): just login
7 just unfollow 7
7 just follow 7
7 just unfollow 7
7 just follow 7
7 just unfollow 7
7 just follow 7
7 just unfollow 7
7 just follow 7
7 just unfollow 7
7 just follow 7
7 just unfollow 7
7 just follow 7
7 just unfollow 7
7 just follow 7
7 just unfollow 7
7 just follow 7
7 just unfollow 7
7 just follow 7
7 just unfollow 7
7 just follow 7
7 just unfollow 7
7 just follow 7
7 just unfollow 7
7 just follow 7
7 just unfollow 7
7 just follow 7
7 just unfollow 7
7 just follow 7
7 just unfollow 7
7 just follow 7
7 just unfollow 7
7 just follow 7
7 just unfollow 7
7 just follow 7
7 just unfollow 7
7 just follow 7
7 just unfollow 7
7 just follow 7
7 just unfollow 7
7 just follow 7
7 just unfollow 7
7 just follow 7
7 just unfollow 7
7 just follow 7
Strikes(2): just login
Strikes(11): just login
