someone try to login
Strikes(7) try to create a twtt : "fehuizjfncuioafnuizeakqsjkcfhiuçqkskdJIBUCQDFIÀÇJISOUJKQCDKJQIOSDNUJKFCKQPÔIJGKFS:gibuqjvkoqpdjskf;,nc;,x;q$s^POIHRKJFBNQS,;P^<CFKJVHB ZIUSd"\nsomeone try to login
someone try to login
someone try to login
someone try to login
someone try to login
someone try to login
someone try to login
someone try to login
someone try to login
someone try to login
someone try to login
someone try to login
someone try to login
someone try to login
someone try to login
someone try to login
someone try to login
someone try to login
someone try to create a new account
someone try to create a new account
someone try to login
someone try to create a new account
someone try to create a new account
someone try to create a new account
someone try to create a new account
someone try to create a new account
someone try to create a new account
someone try to create a new account
someone try to create a new account
someone try to create a new account
someone try to login
 try to follow himself
someone tried to go on profile with id9
someone tried to go on profile with id7
someone try to login
someone try to login
someone try to login
someone try to login
someone try to create a new account
